Arguments: 
  /usr/local/Cellar/node/7.10.0/bin/node /usr/local/bin/yarn deploy/update.sh

PATH: 
  /opt/local/bin:/opt/local/sbin:/Library/Java/JavaVirtualMachines/jdk1.8.0_131.jdk/Contents/Home/bin:/Users/dilshathewzulla/anaconda/bin:/Users/dilshathewzulla/.rvm/gems/ruby-2.1.1/bin:/Users/dilshathewzulla/.rvm/gems/ruby-2.1.1@global/bin:/Users/dilshathewzulla/.rvm/rubies/ruby-2.1.1/bin:/usr/local/bin:/usr/bin:/bin:/usr/sbin:/sbin:/usr/local/sbin:/Users/dilshathewzulla/extraprograms/adt-bundle-mac-x86_64-20130729/sdk/platform-tools:/Users/dilshathewzulla/extraprograms/adt-bundle-mac-x86_64-20130729/sdk/tools:/usr/local/tools/gradle-1.10/bin:/usr/local/tools/mule/cloudhub-cli-18-SNAPSHOT/bin:/Users/dilshathewzulla/bin:/opt/X11/bin:/usr/local/git/bin:/usr/local/MacGPG2/bin:/opt/subversion/bin :/Users/dilshathewzulla/.rvm/bin:/Users/dilshathewzulla/extraprograms/adt-bundle-mac-x86_64-20130729/sdk/tools:/Users/dilshathewzulla/extraprograms/adt-bundle-mac-x86_64-20130729/sdk/platform-tools

Yarn version: 
  0.27.5

Node version: 
  7.10.0

Platform: 
  darwin x64

npm manifest: 
  {
    "name": "global-input-react",
    "version": "1.1.5",
    "description": "global input react component",
    "repository": {
      "type": "git",
      "url": "git+https://github.com/global-input/global-input-react.git"
    },
    "author": "Dilshat Hewzulla",
    "license": "Apache-2.0",
    "bugs": {
      "url": "https://github.com/global-input/global-input-react/issues"
    },
    "homepage": "https://github.com/global-input/global-input-react#readme",
    "keywords": [
      "global input",
      "global-input"
    ],
    "options": {
      "mocha": "--require scripts/mocha_runner src/**/__tests__/**/*.js"
    },
    "scripts": {
      "prepublish": "babel --plugins transform-es2015-modules-umd src --ignore __tests__ --out-dir ./dist",
      "test": "jest"
    },
    "devDependencies": {
      "babel-cli": "^6.6.4",
      "babel-core": "^6.7.4",
      "babel-eslint": "^6.0.2",
      "babel-plugin-transform-es2015-modules-umd": "^6.6.5",
      "babel-polyfill": "^6.7.4",
      "babel-preset-es2015": "^6.6.0",
      "babel-preset-react": "^6.5.0",
      "babel-preset-stage-2": "^6.5.0",
      "chai": "^3.5.0",
      "enzyme": "^2.2.0",
      "eslint": "^2.7.0",
      "eslint-plugin-babel": "^3.1.0",
      "eslint-plugin-react": "^4.2.3",
      "jest": "^20.0.4",
      "jsdom": "^8.1.0",
      "mocha": "^2.4.5",
      "nodemon": "^1.9.1",
      "react": "~0.14.8 || ^15.0.0|| ^16.0.0-alpha.12",
      "react-addons-test-utils": "^15.0.0",
      "react-dom": "^15.0.0",
      "react-test-renderer": "^15.6.1",
      "sinon": "^1.17.3"
    },
    "dependencies": {
      "global-input-message": "^1.2.7",
      "qrcode.react": "^0.7.1",
      "react":
    }
  }

yarn manifest: 
  No manifest

Lockfile: 
  No lockfile

Trace: 
  SyntaxError: /Users/dilshathewzulla/workspace/global-input/global-input-react/package.json: Unexpected token } in JSON at position 1578
      at JSON.parse (<anonymous>)
      at /usr/local/lib/node_modules/yarn/lib/util/fs.js:554:57
      at Generator.next (<anonymous>)
      at step (/usr/local/lib/node_modules/yarn/node_modules/babel-runtime/helpers/asyncToGenerator.js:17:30)
      at /usr/local/lib/node_modules/yarn/node_modules/babel-runtime/helpers/asyncToGenerator.js:28:13
